<?xml version="1.0" encoding="UTF-8"?>
<!-- Generated by org.testng.reporters.JUnitReportReporter -->
<testsuite skipped="0" hostname="KATHIR-LAP" name="com.leaftaps.testcases.CreateNewLead" tests="1" failures="0" timestamp="04 Aug 2019 07:04:24 GMT" time="8.728" errors="0">
  <testcase name="createLead" time="8.728" classname="com.leaftaps.testcases.CreateNewLead"/>
</testsuite> <!-- com.leaftaps.testcases.CreateNewLead -->
