<?xml version="1.0" encoding="UTF-8"?>
<!-- Generated by org.testng.reporters.JUnitReportReporter -->
<testsuite skipped="0" hostname="KATHIR-LAP" name="week5day1.DeleteLead" tests="1" failures="0" timestamp="27 Jul 2019 06:39:24 GMT" time="27.141" errors="0">
  <testcase name="deleteLead" time="27.141" classname="week5day1.DeleteLead"/>
</testsuite> <!-- week5day1.DeleteLead -->
