<?xml version="1.0" encoding="UTF-8"?>
<!-- Generated by org.testng.reporters.JUnitReportReporter -->
<testsuite skipped="0" hostname="KATHIR-LAP" name="week5day1.DuplicateLead" tests="1" failures="0" timestamp="27 Jul 2019 06:46:09 GMT" time="104.138" errors="0">
  <testcase name="duplicateLead" time="104.138" classname="week5day1.DuplicateLead"/>
</testsuite> <!-- week5day1.DuplicateLead -->
