<?xml version="1.0" encoding="UTF-8"?>
<!-- Generated by org.testng.reporters.JUnitReportReporter -->
<testsuite skipped="0" hostname="KATHIR-LAP" name="week5day1.MergeLead" tests="1" failures="0" timestamp="27 Jul 2019 06:39:24 GMT" time="27.625" errors="0">
  <testcase name="mergeLead" time="27.625" classname="week5day1.MergeLead"/>
</testsuite> <!-- week5day1.MergeLead -->
