<?xml version="1.0" encoding="UTF-8"?>
<!-- Generated by org.testng.reporters.JUnitReportReporter -->
<testsuite skipped="0" hostname="KATHIR-LAP" name="week5.day2.CreateLead" tests="2" failures="0" timestamp="28 Jul 2019 06:23:33 GMT" time="24.801" errors="0">
  <testcase name="createLead" time="12.208" classname="week5.day2.CreateLead"/>
  <testcase name="createLead" time="12.593" classname="week5.day2.CreateLead"/>
</testsuite> <!-- week5.day2.CreateLead -->
